  main.cpp
main.obj : error LNK2019: unresolved external symbol "public: __thiscall sf::String::String(char const *,class std::locale const &)" (??0String@sf@@QAE@PBDABVlocale@std@@@Z) referenced in function _main
main.obj : error LNK2019: unresolved external symbol "public: __thiscall sf::VideoMode::VideoMode(unsigned int,unsigned int,unsigned int)" (??0VideoMode@sf@@QAE@III@Z) referenced in function _main
main.obj : error LNK2019: unresolved external symbol "public: void __thiscall sf::Window::close(void)" (?close@Window@sf@@QAEXXZ) referenced in function _main
main.obj : error LNK2019: unresolved external symbol "public: bool __thiscall sf::Window::isOpen(void)const " (?isOpen@Window@sf@@QBE_NXZ) referenced in function _main
main.obj : error LNK2019: unresolved external symbol "public: bool __thiscall sf::Window::pollEvent(class sf::Event &)" (?pollEvent@Window@sf@@QAE_NAAVEvent@2@@Z) referenced in function _main
main.obj : error LNK2019: unresolved external symbol "public: void __thiscall sf::Window::display(void)" (?display@Window@sf@@QAEXXZ) referenced in function _main
main.obj : error LNK2019: unresolved external symbol "public: __thiscall sf::RenderWindow::RenderWindow(class sf::VideoMode,class sf::String const &,unsigned int,struct sf::ContextSettings const &)" (??0RenderWindow@sf@@QAE@VVideoMode@1@ABVString@1@IABUContextSettings@1@@Z) referenced in function _main
main.obj : error LNK2019: unresolved external symbol "public: virtual __thiscall sf::RenderWindow::~RenderWindow(void)" (??1RenderWindow@sf@@UAE@XZ) referenced in function _main
C:\SFML-2.5.1\lib\sfml-window-s-d.lib : warning LNK4272: library machine type 'x64' conflicts with target machine type 'x86'
C:\SFML-2.5.1\lib\sfml-graphics-s-d.lib : warning LNK4272: library machine type 'x64' conflicts with target machine type 'x86'
C:\SFML-2.5.1\lib\sfml-audio-s-d.lib : warning LNK4272: library machine type 'x64' conflicts with target machine type 'x86'
C:\SFML-2.5.1\lib\sfml-network-s-d.lib : warning LNK4272: library machine type 'x64' conflicts with target machine type 'x86'
C:\SFML-2.5.1\lib\sfml-system-s-d.lib : warning LNK4272: library machine type 'x64' conflicts with target machine type 'x86'
C:\SFML-2.5.1\lib\sfml-main-d.lib : warning LNK4272: library machine type 'x64' conflicts with target machine type 'x86'
C:\SFML-2.5.1\lib\freetype.lib : warning LNK4272: library machine type 'x64' conflicts with target machine type 'x86'
C:\SFML-2.5.1\lib\openal32.lib : warning LNK4272: library machine type 'x64' conflicts with target machine type 'x86'
C:\SFML-2.5.1\lib\flac.lib : warning LNK4272: library machine type 'x64' conflicts with target machine type 'x86'
C:\SFML-2.5.1\lib\vorbisenc.lib : warning LNK4272: library machine type 'x64' conflicts with target machine type 'x86'
C:\SFML-2.5.1\lib\vorbisfile.lib : warning LNK4272: library machine type 'x64' conflicts with target machine type 'x86'
C:\SFML-2.5.1\lib\vorbis.lib : warning LNK4272: library machine type 'x64' conflicts with target machine type 'x86'
C:\SFML-2.5.1\lib\ogg.lib : warning LNK4272: library machine type 'x64' conflicts with target machine type 'x86'
C:\Users\Chris\source\repos\SFML\Debug\SFML.exe : fatal error LNK1120: 8 unresolved externals
